RUN	simulations.GetEmployeesSimulation	getemployeessimulation	1610979849837	 	3.5.0
USER	Employees | Get	START	1610979850830
REQUEST		get_specific_employee	1610979850872	1610979851214	OK	 
USER	Employees | Get	END	1610979851234
USER	Employees | Get	START	1610979851819
REQUEST		get_specific_employee	1610979851820	1610979852076	OK	 
USER	Employees | Get	END	1610979852077
USER	Employees | Get	START	1610979852817
USER	Employees | Get	END	1610979852819
USER	Employees | Get	START	1610979853816
REQUEST		get_specific_employee	1610979853817	1610979854099	OK	 
USER	Employees | Get	END	1610979854100
USER	Employees | Get	START	1610979854813
REQUEST		get_all_employees	1610979854814	1610979855085	OK	 
USER	Employees | Get	END	1610979855087
USER	Employees | Get	START	1610979855314
REQUEST		get_specific_employee	1610979855315	1610979855568	OK	 
USER	Employees | Get	END	1610979855569
USER	Employees | Get	START	1610979855814
USER	Employees | Get	END	1610979855815
USER	Employees | Get	START	1610979856811
REQUEST		get_all_employees	1610979856812	1610979857104	OK	 
USER	Employees | Get	END	1610979857106
USER	Employees | Get	START	1610979857314
REQUEST		get_specific_employee	1610979857316	1610979857587	OK	 
USER	Employees | Get	END	1610979857589
USER	Employees | Get	START	1610979857812
REQUEST		get_specific_employee	1610979857813	1610979858076	OK	 
USER	Employees | Get	END	1610979858077
USER	Employees | Get	START	1610979858314
USER	Employees | Get	END	1610979858314
USER	Employees | Get	START	1610979858812
REQUEST		get_specific_employee	1610979858813	1610979859079	OK	 
USER	Employees | Get	END	1610979859081
USER	Employees | Get	START	1610979859314
REQUEST		get_specific_employee	1610979859315	1610979859561	OK	 
USER	Employees | Get	END	1610979859563
USER	Employees | Get	START	1610979859815
REQUEST		get_all_employees	1610979859816	1610979860080	OK	 
USER	Employees | Get	END	1610979860081
USER	Employees | Get	START	1610979860313
REQUEST		get_specific_employee	1610979860314	1610979860565	OK	 
USER	Employees | Get	END	1610979860566
USER	Employees | Get	START	1610979860816
REQUEST		get_all_employees	1610979860817	1610979861076	OK	 
USER	Employees | Get	END	1610979861077
USER	Employees | Get	START	1610979861313
REQUEST		get_all_employees	1610979861314	1610979861552	OK	 
USER	Employees | Get	END	1610979861554
USER	Employees | Get	START	1610979861815
REQUEST		get_all_employees	1610979861816	1610979862057	OK	 
USER	Employees | Get	END	1610979862058
USER	Employees | Get	START	1610979862313
USER	Employees | Get	END	1610979862314
USER	Employees | Get	START	1610979862814
REQUEST		get_specific_employee	1610979862815	1610979863068	OK	 
USER	Employees | Get	END	1610979863069
USER	Employees | Get	START	1610979863315
REQUEST		get_specific_employee	1610979863316	1610979863570	OK	 
USER	Employees | Get	END	1610979863572
USER	Employees | Get	START	1610979863815
REQUEST		get_specific_employee	1610979863816	1610979864080	OK	 
USER	Employees | Get	END	1610979864081
USER	Employees | Get	START	1610979864313
REQUEST		get_specific_employee	1610979864314	1610979864558	OK	 
USER	Employees | Get	END	1610979864559
USER	Employees | Get	START	1610979864812
REQUEST		get_specific_employee	1610979864812	1610979865245	OK	 
USER	Employees | Get	END	1610979865247
USER	Employees | Get	START	1610979865313
USER	Employees | Get	END	1610979865314
USER	Employees | Get	START	1610979865812
REQUEST		get_all_employees	1610979865813	1610979866057	OK	 
USER	Employees | Get	END	1610979866058
USER	Employees | Get	START	1610979866314
REQUEST		get_specific_employee	1610979866315	1610979866553	OK	 
USER	Employees | Get	END	1610979866554
USER	Employees | Get	START	1610979866811
REQUEST		get_specific_employee	1610979866812	1610979867050	OK	 
USER	Employees | Get	END	1610979867051
USER	Employees | Get	START	1610979867314
REQUEST		get_specific_employee	1610979867315	1610979867559	OK	 
USER	Employees | Get	END	1610979867560
USER	Employees | Get	START	1610979867816
REQUEST		get_specific_employee	1610979867817	1610979868067	OK	 
USER	Employees | Get	END	1610979868069
USER	Employees | Get	START	1610979868313
USER	Employees | Get	END	1610979868314
USER	Employees | Get	START	1610979868812
REQUEST		get_specific_employee	1610979868813	1610979869061	OK	 
USER	Employees | Get	END	1610979869062
USER	Employees | Get	START	1610979869313
USER	Employees | Get	END	1610979869314
USER	Employees | Get	START	1610979869814
REQUEST		get_specific_employee	1610979869815	1610979870065	OK	 
USER	Employees | Get	END	1610979870066
USER	Employees | Get	START	1610979870313
REQUEST		get_specific_employee	1610979870314	1610979870549	OK	 
USER	Employees | Get	END	1610979870550
