ASSERTION	AAECAAIEAAAAAAAAwFhA
ASSERTION	AAMAARFnZXRfYWxsX2VtcGxveWVlcwMAAQUAAAAAAADAWEADAAAAAAAAdsZA
ASSERTION	AAMAARFnZXRfYWxsX2VtcGxveWVlcwMAAQUAAAAAAADAV0ADAAAAAAAArsVA
ASSERTION	AAMAARFnZXRfYWxsX2VtcGxveWVlcwMAAQUAAAAAAADAUkADAAAAAAAAB7xA
ASSERTION	AAMAARFnZXRfYWxsX2VtcGxveWVlcwMAAQUAAAAAAAAASUADAAAAAAAAN7RA
RUN	simulations.UpdateEmployeeAlternateSimulation	updateemployeealternatesimulation	1611054604242	 	3.5.0
USER	Update_Employee	START	1611054605372
USER	Update_Employee	START	1611054605463
USER	Update_Employee	START	1611054605561
USER	Update_Employee	START	1611054605664
USER	Update_Employee	START	1611054605765
USER	Update_Employee	START	1611054605865
USER	Update_Employee	START	1611054605965
USER	Update_Employee	START	1611054606062
USER	Update_Employee	START	1611054606164
USER	Update_Employee	START	1611054606265
USER	Update_Employee	START	1611054606365
USER	Update_Employee	START	1611054606465
USER	Update_Employee	START	1611054606564
USER	Update_Employee	START	1611054606665
USER	Update_Employee	START	1611054606765
USER	Update_Employee	START	1611054606866
USER	Update_Employee	START	1611054606965
USER	Update_Employee	START	1611054607068
USER	Update_Employee	START	1611054607170
USER	Update_Employee	START	1611054607266
USER	Update_Employee	START	1611054607369
USER	Update_Employee	START	1611054607457
USER	Update_Employee	START	1611054607555
USER	Update_Employee	START	1611054607655
USER	Update_Employee	START	1611054607755
USER	Update_Employee	START	1611054607857
USER	Update_Employee	START	1611054607958
USER	Update_Employee	START	1611054608058
USER	Update_Employee	START	1611054608159
USER	Update_Employee	START	1611054608257
USER	Update_Employee	START	1611054608357
USER	Update_Employee	START	1611054608456
USER	Update_Employee	START	1611054608556
USER	Update_Employee	START	1611054608658
USER	Update_Employee	START	1611054608759
USER	Update_Employee	START	1611054608858
USER	Update_Employee	START	1611054608960
USER	Update_Employee	START	1611054609058
USER	Update_Employee	START	1611054609157
USER	Update_Employee	START	1611054609259
USER	Update_Employee	START	1611054609358
USER	Update_Employee	START	1611054609459
USER	Update_Employee	START	1611054609555
USER	Update_Employee	START	1611054609656
USER	Update_Employee	START	1611054609756
USER	Update_Employee	START	1611054609855
USER	Update_Employee	START	1611054609956
USER	Update_Employee	START	1611054610059
USER	Update_Employee	START	1611054610157
USER	Update_Employee	START	1611054610255
USER	Update_Employee	START	1611054610358
USER	Update_Employee	START	1611054610457
USER	Update_Employee	START	1611054610557
USER	Update_Employee	START	1611054610655
USER	Update_Employee	START	1611054610755
USER	Update_Employee	START	1611054610856
USER	Update_Employee	START	1611054610957
USER	Update_Employee	START	1611054611059
USER	Update_Employee	START	1611054611160
USER	Update_Employee	START	1611054611259
USER	Update_Employee	START	1611054611356
USER	Update_Employee	START	1611054611455
USER	Update_Employee	START	1611054611555
USER	Update_Employee	START	1611054611659
USER	Update_Employee	START	1611054611758
USER	Update_Employee	START	1611054611856
USER	Update_Employee	START	1611054611958
USER	Update_Employee	START	1611054612060
USER	Update_Employee	START	1611054612158
USER	Update_Employee	START	1611054612258
USER	Update_Employee	START	1611054612356
USER	Update_Employee	START	1611054612455
USER	Update_Employee	START	1611054612559
USER	Update_Employee	START	1611054612658
USER	Update_Employee	START	1611054612758
USER	Update_Employee	START	1611054612861
USER	Update_Employee	START	1611054612956
USER	Update_Employee	START	1611054613061
USER	Update_Employee	START	1611054613156
USER	Update_Employee	START	1611054613256
USER	Update_Employee	START	1611054613358
USER	Update_Employee	START	1611054613455
USER	Update_Employee	START	1611054613555
USER	Update_Employee	START	1611054613655
USER	Update_Employee	START	1611054613757
USER	Update_Employee	START	1611054613859
USER	Update_Employee	START	1611054613956
USER	Update_Employee	START	1611054614057
USER	Update_Employee	START	1611054614157
USER	Update_Employee	START	1611054614260
USER	Update_Employee	START	1611054614356
USER	Update_Employee	START	1611054614455
USER	Update_Employee	START	1611054614556
USER	Update_Employee	START	1611054614655
USER	Update_Employee	START	1611054614755
USER	Update_Employee	START	1611054614855
USER	Update_Employee	START	1611054614955
USER	Update_Employee	START	1611054615055
USER	Update_Employee	START	1611054615160
USER	Update_Employee	START	1611054615258
USER	Update_Employee	START	1611054615357
USER	Update_Employee	START	1611054615456
USER	Update_Employee	START	1611054615558
USER	Update_Employee	START	1611054615659
USER	Update_Employee	START	1611054615758
USER	Update_Employee	START	1611054615857
USER	Update_Employee	START	1611054615955
USER	Update_Employee	START	1611054616056
USER	Update_Employee	START	1611054616155
USER	Update_Employee	START	1611054616258
USER	Update_Employee	START	1611054616355
USER	Update_Employee	START	1611054616455
USER	Update_Employee	START	1611054616557
USER	Update_Employee	START	1611054616655
USER	Update_Employee	START	1611054616756
USER	Update_Employee	START	1611054616855
USER	Update_Employee	START	1611054616955
USER	Update_Employee	START	1611054617055
USER	Update_Employee	START	1611054617156
USER	Update_Employee	START	1611054617255
USER	Update_Employee	START	1611054617357
USER	Update_Employee	START	1611054617459
USER	Update_Employee	START	1611054617556
USER	Update_Employee	START	1611054617655
USER	Update_Employee	START	1611054617761
USER	Update_Employee	START	1611054617859
USER	Update_Employee	START	1611054617958
USER	Update_Employee	START	1611054618056
USER	Update_Employee	START	1611054618156
USER	Update_Employee	START	1611054618259
USER	Update_Employee	START	1611054618357
USER	Update_Employee	START	1611054618455
USER	Update_Employee	START	1611054618558
USER	Update_Employee	START	1611054618655
USER	Update_Employee	START	1611054618758
USER	Update_Employee	START	1611054618858
USER	Update_Employee	START	1611054618956
USER	Update_Employee	START	1611054619060
USER	Update_Employee	START	1611054619160
USER	Update_Employee	START	1611054619258
USER	Update_Employee	START	1611054619356
USER	Update_Employee	START	1611054619454
USER	Update_Employee	START	1611054619557
USER	Update_Employee	START	1611054619655
USER	Update_Employee	START	1611054619757
USER	Update_Employee	START	1611054619855
USER	Update_Employee	START	1611054619956
USER	Update_Employee	START	1611054620059
USER	Update_Employee	START	1611054620156
USER	Update_Employee	START	1611054620257
USER	Update_Employee	START	1611054620357
USER	Update_Employee	START	1611054620456
USER	Update_Employee	START	1611054620555
USER	Update_Employee	START	1611054620655
USER	Update_Employee	START	1611054620755
USER	Update_Employee	START	1611054620855
USER	Update_Employee	START	1611054620955
USER	Update_Employee	START	1611054621057
USER	Update_Employee	START	1611054621157
USER	Update_Employee	START	1611054621257
USER	Update_Employee	START	1611054621356
USER	Update_Employee	START	1611054621457
USER	Update_Employee	START	1611054621557
USER	Update_Employee	START	1611054621656
USER	Update_Employee	START	1611054621755
USER	Update_Employee	START	1611054621858
USER	Update_Employee	START	1611054621958
USER	Update_Employee	START	1611054622057
USER	Update_Employee	START	1611054622156
USER	Update_Employee	START	1611054622257
USER	Update_Employee	START	1611054622358
USER	Update_Employee	START	1611054622456
USER	Update_Employee	START	1611054622556
USER	Update_Employee	START	1611054622659
USER	Update_Employee	START	1611054622758
USER	Update_Employee	START	1611054622855
USER	Update_Employee	START	1611054622957
USER	Update_Employee	START	1611054623055
USER	Update_Employee	START	1611054623159
USER	Update_Employee	START	1611054623255
USER	Update_Employee	START	1611054623358
USER	Update_Employee	START	1611054623456
USER	Update_Employee	START	1611054623555
USER	Update_Employee	START	1611054623656
USER	Update_Employee	START	1611054623756
USER	Update_Employee	START	1611054623855
USER	Update_Employee	START	1611054623957
USER	Update_Employee	START	1611054624055
USER	Update_Employee	START	1611054624156
USER	Update_Employee	START	1611054624258
USER	Update_Employee	START	1611054624356
USER	Update_Employee	START	1611054624454
USER	Update_Employee	START	1611054624556
USER	Update_Employee	START	1611054624657
USER	Update_Employee	START	1611054624756
USER	Update_Employee	START	1611054624858
USER	Update_Employee	START	1611054624958
USER	Update_Employee	START	1611054625057
USER	Update_Employee	START	1611054625154
USER	Update_Employee	START	1611054625257
USER	Update_Employee	START	1611054625355
USER	Update_Employee	START	1611054625456
USER	Update_Employee	START	1611054625556
USER	Update_Employee	START	1611054625658
USER	Update_Employee	START	1611054625757
USER	Update_Employee	START	1611054625856
USER	Update_Employee	START	1611054625955
USER	Update_Employee	START	1611054626055
USER	Update_Employee	START	1611054626158
USER	Update_Employee	START	1611054626259
USER	Update_Employee	START	1611054626355
USER	Update_Employee	START	1611054626455
USER	Update_Employee	START	1611054626556
USER	Update_Employee	START	1611054626655
USER	Update_Employee	START	1611054626758
USER	Update_Employee	START	1611054626855
USER	Update_Employee	START	1611054626955
USER	Update_Employee	START	1611054627059
USER	Update_Employee	START	1611054627156
USER	Update_Employee	START	1611054627256
USER	Update_Employee	START	1611054627357
USER	Update_Employee	START	1611054627455
USER	Update_Employee	START	1611054627554
USER	Update_Employee	START	1611054627655
USER	Update_Employee	START	1611054627756
USER	Update_Employee	START	1611054627855
USER	Update_Employee	START	1611054627957
USER	Update_Employee	START	1611054628058
USER	Update_Employee	START	1611054628158
USER	Update_Employee	START	1611054628257
USER	Update_Employee	START	1611054628356
USER	Update_Employee	START	1611054628455
USER	Update_Employee	START	1611054628555
USER	Update_Employee	START	1611054628657
USER	Update_Employee	START	1611054628756
USER	Update_Employee	START	1611054628856
USER	Update_Employee	START	1611054628956
USER	Update_Employee	START	1611054629055
USER	Update_Employee	START	1611054629157
USER	Update_Employee	START	1611054629257
USER	Update_Employee	START	1611054629358
USER	Update_Employee	START	1611054629455
USER	Update_Employee	START	1611054629557
USER	Update_Employee	START	1611054629654
USER	Update_Employee	START	1611054629754
USER	Update_Employee	START	1611054629858
USER	Update_Employee	START	1611054629955
USER	Update_Employee	START	1611054630057
USER	Update_Employee	START	1611054630155
USER	Update_Employee	START	1611054630259
USER	Update_Employee	START	1611054630358
USER	Update_Employee	START	1611054630457
USER	Update_Employee	START	1611054630558
USER	Update_Employee	START	1611054630655
USER	Update_Employee	START	1611054630755
USER	Update_Employee	START	1611054630856
USER	Update_Employee	START	1611054630960
USER	Update_Employee	START	1611054631057
USER	Update_Employee	START	1611054631158
USER	Update_Employee	START	1611054631257
USER	Update_Employee	START	1611054631356
USER	Update_Employee	START	1611054631457
USER	Update_Employee	START	1611054631556
USER	Update_Employee	START	1611054631658
USER	Update_Employee	START	1611054631759
USER	Update_Employee	START	1611054631855
USER	Update_Employee	START	1611054631955
USER	Update_Employee	START	1611054632055
USER	Update_Employee	START	1611054632156
USER	Update_Employee	START	1611054632255
USER	Update_Employee	START	1611054632358
USER	Update_Employee	START	1611054632458
USER	Update_Employee	START	1611054632556
USER	Update_Employee	START	1611054632658
USER	Update_Employee	START	1611054632760
USER	Update_Employee	START	1611054632855
USER	Update_Employee	START	1611054632955
USER	Update_Employee	START	1611054633058
USER	Update_Employee	START	1611054633156
USER	Update_Employee	START	1611054633259
USER	Update_Employee	START	1611054633358
USER	Update_Employee	START	1611054633458
USER	Update_Employee	START	1611054633556
USER	Update_Employee	START	1611054633655
USER	Update_Employee	START	1611054633758
USER	Update_Employee	START	1611054633857
USER	Update_Employee	START	1611054633956
USER	Update_Employee	START	1611054634058
USER	Update_Employee	START	1611054634155
USER	Update_Employee	START	1611054634257
USER	Update_Employee	START	1611054634357
USER	Update_Employee	START	1611054634457
USER	Update_Employee	START	1611054634560
USER	Update_Employee	START	1611054634655
USER	Update_Employee	START	1611054634757
USER	Update_Employee	START	1611054634855
USER	Update_Employee	START	1611054634956
USER	Update_Employee	START	1611054635059
USER	Update_Employee	START	1611054635156
USER	Update_Employee	START	1611054635258
USER	Update_Employee	START	1611054635355
USER	Update_Employee	START	1611054635455
USER	Update_Employee	START	1611054635558
USER	Update_Employee	START	1611054635658
USER	Update_Employee	START	1611054635755
USER	Update_Employee	START	1611054635860
USER	Update_Employee	START	1611054635956
USER	Update_Employee	START	1611054636057
USER	Update_Employee	START	1611054636159
USER	Update_Employee	START	1611054636255
USER	Update_Employee	START	1611054636359
USER	Update_Employee	START	1611054636455
USER	Update_Employee	START	1611054636558
USER	Update_Employee	START	1611054636655
USER	Update_Employee	START	1611054636755
USER	Update_Employee	START	1611054636858
USER	Update_Employee	START	1611054636955
USER	Update_Employee	START	1611054637056
USER	Update_Employee	START	1611054637156
USER	Update_Employee	START	1611054637255
USER	Update_Employee	START	1611054637358
USER	Update_Employee	START	1611054637455
USER	Update_Employee	START	1611054637555
USER	Update_Employee	START	1611054637659
USER	Update_Employee	START	1611054637758
USER	Update_Employee	START	1611054637857
USER	Update_Employee	START	1611054637955
USER	Update_Employee	START	1611054638057
USER	Update_Employee	START	1611054638159
USER	Update_Employee	START	1611054638260
USER	Update_Employee	START	1611054638357
USER	Update_Employee	START	1611054638456
USER	Update_Employee	START	1611054638555
USER	Update_Employee	START	1611054638658
USER	Update_Employee	START	1611054638757
USER	Update_Employee	START	1611054638855
USER	Update_Employee	START	1611054638960
USER	Update_Employee	START	1611054639057
USER	Update_Employee	START	1611054639158
USER	Update_Employee	START	1611054639256
USER	Update_Employee	START	1611054639358
USER	Update_Employee	START	1611054639456
USER	Update_Employee	START	1611054639555
USER	Update_Employee	START	1611054639655
USER	Update_Employee	START	1611054639755
USER	Update_Employee	START	1611054639857
USER	Update_Employee	START	1611054639958
USER	Update_Employee	START	1611054640055
USER	Update_Employee	START	1611054640156
USER	Update_Employee	START	1611054640257
USER	Update_Employee	START	1611054640359
USER	Update_Employee	START	1611054640456
USER	Update_Employee	START	1611054640555
USER	Update_Employee	START	1611054640656
USER	Update_Employee	START	1611054640759
USER	Update_Employee	START	1611054640855
USER	Update_Employee	START	1611054640958
USER	Update_Employee	START	1611054641058
USER	Update_Employee	START	1611054641160
USER	Update_Employee	START	1611054641259
USER	Update_Employee	START	1611054641359
USER	Update_Employee	START	1611054641456
USER	Update_Employee	START	1611054641555
USER	Update_Employee	START	1611054641655
USER	Update_Employee	START	1611054641758
USER	Update_Employee	START	1611054641855
USER	Update_Employee	START	1611054641955
USER	Update_Employee	START	1611054642055
USER	Update_Employee	START	1611054642157
USER	Update_Employee	START	1611054642260
USER	Update_Employee	START	1611054642357
USER	Update_Employee	START	1611054642455
USER	Update_Employee	START	1611054642559
USER	Update_Employee	START	1611054642655
USER	Update_Employee	START	1611054642755
USER	Update_Employee	START	1611054642855
USER	Update_Employee	START	1611054642954
USER	Update_Employee	START	1611054643055
USER	Update_Employee	START	1611054643158
USER	Update_Employee	START	1611054643258
USER	Update_Employee	START	1611054643357
USER	Update_Employee	START	1611054643455
USER	Update_Employee	START	1611054643557
USER	Update_Employee	START	1611054643657
USER	Update_Employee	START	1611054643756
USER	Update_Employee	START	1611054643859
USER	Update_Employee	START	1611054643957
USER	Update_Employee	START	1611054644057
USER	Update_Employee	START	1611054644157
USER	Update_Employee	START	1611054644259
USER	Update_Employee	START	1611054644358
USER	Update_Employee	START	1611054644457
USER	Update_Employee	START	1611054644556
USER	Update_Employee	START	1611054644658
USER	Update_Employee	START	1611054644755
USER	Update_Employee	START	1611054644858
USER	Update_Employee	START	1611054644955
USER	Update_Employee	START	1611054645056
USER	Update_Employee	START	1611054645160
USER	Update_Employee	START	1611054645259
USER	Update_Employee	START	1611054645357
USER	Update_Employee	START	1611054645456
USER	Update_Employee	START	1611054645555
USER	Update_Employee	START	1611054645655
USER	Update_Employee	START	1611054645754
USER	Update_Employee	START	1611054645854
USER	Update_Employee	START	1611054645955
USER	Update_Employee	START	1611054646056
USER	Update_Employee	START	1611054646157
USER	Update_Employee	START	1611054646259
USER	Update_Employee	START	1611054646358
USER	Update_Employee	START	1611054646457
USER	Update_Employee	START	1611054646557
USER	Update_Employee	START	1611054646657
USER	Update_Employee	START	1611054646756
USER	Update_Employee	START	1611054646857
USER	Update_Employee	START	1611054646955
USER	Update_Employee	START	1611054647056
USER	Update_Employee	START	1611054647157
USER	Update_Employee	START	1611054647257
USER	Update_Employee	START	1611054647356
USER	Update_Employee	START	1611054647458
USER	Update_Employee	START	1611054647555
USER	Update_Employee	START	1611054647658
USER	Update_Employee	START	1611054647758
USER	Update_Employee	START	1611054647857
USER	Update_Employee	START	1611054647957
USER	Update_Employee	START	1611054648055
USER	Update_Employee	START	1611054648157
USER	Update_Employee	START	1611054648259
USER	Update_Employee	START	1611054648358
USER	Update_Employee	START	1611054648457
USER	Update_Employee	START	1611054648555
USER	Update_Employee	START	1611054648655
USER	Update_Employee	START	1611054648759
USER	Update_Employee	START	1611054648858
USER	Update_Employee	START	1611054648956
USER	Update_Employee	START	1611054649055
USER	Update_Employee	START	1611054649156
USER	Update_Employee	START	1611054649258
USER	Update_Employee	START	1611054649358
USER	Update_Employee	START	1611054649457
USER	Update_Employee	START	1611054649555
USER	Update_Employee	START	1611054649655
USER	Update_Employee	START	1611054649758
USER	Update_Employee	START	1611054649855
USER	Update_Employee	START	1611054649956
USER	Update_Employee	START	1611054650057
USER	Update_Employee	START	1611054650159
USER	Update_Employee	START	1611054650254
USER	Update_Employee	START	1611054650357
USER	Update_Employee	START	1611054650459
USER	Update_Employee	START	1611054650556
USER	Update_Employee	START	1611054650655
USER	Update_Employee	START	1611054650757
USER	Update_Employee	START	1611054650860
USER	Update_Employee	START	1611054650959
USER	Update_Employee	START	1611054651057
USER	Update_Employee	START	1611054651155
USER	Update_Employee	START	1611054651259
USER	Update_Employee	START	1611054651355
USER	Update_Employee	START	1611054651457
USER	Update_Employee	START	1611054651556
USER	Update_Employee	START	1611054651660
USER	Update_Employee	START	1611054651757
USER	Update_Employee	START	1611054651859
USER	Update_Employee	START	1611054651956
USER	Update_Employee	START	1611054652058
USER	Update_Employee	START	1611054652157
USER	Update_Employee	START	1611054652258
USER	Update_Employee	START	1611054652357
USER	Update_Employee	START	1611054652458
USER	Update_Employee	START	1611054652559
USER	Update_Employee	START	1611054652659
USER	Update_Employee	START	1611054652756
USER	Update_Employee	START	1611054652857
USER	Update_Employee	START	1611054652959
USER	Update_Employee	START	1611054653058
USER	Update_Employee	START	1611054653159
USER	Update_Employee	START	1611054653256
USER	Update_Employee	START	1611054653357
USER	Update_Employee	START	1611054653458
USER	Update_Employee	START	1611054653559
USER	Update_Employee	START	1611054653655
USER	Update_Employee	START	1611054653759
USER	Update_Employee	START	1611054653859
USER	Update_Employee	START	1611054653958
USER	Update_Employee	START	1611054654055
USER	Update_Employee	START	1611054654159
USER	Update_Employee	START	1611054654256
USER	Update_Employee	START	1611054654357
USER	Update_Employee	START	1611054654459
USER	Update_Employee	START	1611054654555
USER	Update_Employee	START	1611054654656
USER	Update_Employee	START	1611054654755
USER	Update_Employee	START	1611054654855
USER	Update_Employee	START	1611054654955
USER	Update_Employee	START	1611054655056
USER	Update_Employee	START	1611054655159
USER	Update_Employee	START	1611054655257
USER	Update_Employee	START	1611054655356
USER	Update_Employee	START	1611054655458
USER	Update_Employee	START	1611054655555
USER	Update_Employee	START	1611054655656
USER	Update_Employee	START	1611054655755
USER	Update_Employee	START	1611054655856
USER	Update_Employee	START	1611054655957
USER	Update_Employee	START	1611054656055
USER	Update_Employee	START	1611054656157
USER	Update_Employee	START	1611054656263
USER	Update_Employee	START	1611054656357
USER	Update_Employee	START	1611054656458
USER	Update_Employee	START	1611054656556
USER	Update_Employee	START	1611054656660
USER	Update_Employee	START	1611054656757
USER	Update_Employee	START	1611054656859
USER	Update_Employee	START	1611054656958
USER	Update_Employee	START	1611054657060
USER	Update_Employee	START	1611054657157
USER	Update_Employee	START	1611054657257
USER	Update_Employee	START	1611054657355
USER	Update_Employee	START	1611054657458
USER	Update_Employee	START	1611054657559
USER	Update_Employee	START	1611054657656
USER	Update_Employee	START	1611054657756
USER	Update_Employee	START	1611054657856
USER	Update_Employee	START	1611054657955
USER	Update_Employee	START	1611054658055
USER	Update_Employee	START	1611054658156
USER	Update_Employee	START	1611054658257
USER	Update_Employee	START	1611054658356
USER	Update_Employee	START	1611054658455
USER	Update_Employee	START	1611054658557
USER	Update_Employee	START	1611054658655
USER	Update_Employee	START	1611054658757
USER	Update_Employee	START	1611054658859
USER	Update_Employee	START	1611054658957
USER	Update_Employee	START	1611054659055
USER	Update_Employee	START	1611054659155
USER	Update_Employee	START	1611054659259
USER	Update_Employee	START	1611054659359
USER	Update_Employee	START	1611054659458
USER	Update_Employee	START	1611054659557
USER	Update_Employee	START	1611054659659
USER	Update_Employee	START	1611054659757
USER	Update_Employee	START	1611054659859
USER	Update_Employee	START	1611054659957
USER	Update_Employee	START	1611054660055
USER	Update_Employee	START	1611054660156
USER	Update_Employee	START	1611054660255
USER	Update_Employee	START	1611054660358
USER	Update_Employee	START	1611054660458
USER	Update_Employee	START	1611054660556
USER	Update_Employee	START	1611054660659
USER	Update_Employee	START	1611054660755
USER	Update_Employee	START	1611054660857
USER	Update_Employee	START	1611054660958
USER	Update_Employee	START	1611054661056
USER	Update_Employee	START	1611054661158
USER	Update_Employee	START	1611054661259
USER	Update_Employee	START	1611054661357
USER	Update_Employee	START	1611054661455
USER	Update_Employee	START	1611054661556
USER	Update_Employee	START	1611054661656
USER	Update_Employee	START	1611054661757
USER	Update_Employee	START	1611054661856
USER	Update_Employee	START	1611054661959
USER	Update_Employee	START	1611054662057
USER	Update_Employee	START	1611054662159
USER	Update_Employee	START	1611054662255
USER	Update_Employee	START	1611054662355
USER	Update_Employee	START	1611054662458
USER	Update_Employee	START	1611054662556
USER	Update_Employee	START	1611054662660
USER	Update_Employee	START	1611054662760
USER	Update_Employee	START	1611054662855
USER	Update_Employee	START	1611054662958
USER	Update_Employee	START	1611054663058
USER	Update_Employee	START	1611054663157
USER	Update_Employee	START	1611054663256
USER	Update_Employee	START	1611054663356
REQUEST		[POST] Update employee	1611054656055	1611054663407	OK	 
USER	Update_Employee	END	1611054663422
USER	Update_Employee	START	1611054663455
REQUEST		[POST] Update employee	1611054658055	1611054663469	OK	 
USER	Update_Employee	END	1611054663471
REQUEST		[POST] Update employee	1611054606847	1611054663483	OK	 
USER	Update_Employee	END	1611054663484
REQUEST		[POST] Update employee	1611054621557	1611054663485	OK	 
USER	Update_Employee	END	1611054663486
REQUEST		[POST] Update employee	1611054651856	1611054663487	OK	 
USER	Update_Employee	END	1611054663488
REQUEST		[POST] Update employee	1611054622957	1611054663493	OK	 
USER	Update_Employee	END	1611054663494
REQUEST		[POST] Update employee	1611054644255	1611054663500	OK	 
USER	Update_Employee	END	1611054663501
REQUEST		[POST] Update employee	1611054634155	1611054663501	OK	 
USER	Update_Employee	END	1611054663502
REQUEST		[POST] Update employee	1611054631755	1611054663504	OK	 
USER	Update_Employee	END	1611054663504
REQUEST		[POST] Update employee	1611054648055	1611054663507	OK	 
USER	Update_Employee	END	1611054663508
REQUEST		[POST] Update employee	1611054633457	1611054663512	OK	 
USER	Update_Employee	END	1611054663513
REQUEST		[POST] Update employee	1611054653056	1611054663520	OK	 
USER	Update_Employee	END	1611054663521
REQUEST		[POST] Update employee	1611054622456	1611054663524	OK	 
USER	Update_Employee	END	1611054663525
REQUEST		[POST] Update employee	1611054641855	1611054663527	OK	 
USER	Update_Employee	END	1611054663527
REQUEST		[POST] Update employee	1611054650255	1611054663531	OK	 
USER	Update_Employee	END	1611054663532
REQUEST		[POST] Update employee	1611054651155	1611054663535	OK	 
USER	Update_Employee	END	1611054663535
REQUEST		[POST] Update employee	1611054652155	1611054663536	OK	 
REQUEST		[POST] Update employee	1611054609956	1611054663537	OK	 
USER	Update_Employee	END	1611054663537
USER	Update_Employee	END	1611054663537
REQUEST		[POST] Update employee	1611054618856	1611054663538	OK	 
USER	Update_Employee	END	1611054663539
REQUEST		[POST] Update employee	1611054653255	1611054663540	OK	 
USER	Update_Employee	END	1611054663541
REQUEST		[POST] Update employee	1611054610155	1611054663545	OK	 
USER	Update_Employee	END	1611054663546
REQUEST		[POST] Update employee	1611054657056	1611054663546	OK	 
USER	Update_Employee	END	1611054663547
REQUEST		[POST] Update employee	1611054613105	1611054663554	OK	 
USER	Update_Employee	END	1611054663555
USER	Update_Employee	START	1611054663556
REQUEST		[POST] Update employee	1611054627855	1611054663559	OK	 
USER	Update_Employee	END	1611054663560
REQUEST		[POST] Update employee	1611054634055	1611054663562	OK	 
USER	Update_Employee	END	1611054663563
REQUEST		[POST] Update employee	1611054653855	1611054663565	OK	 
REQUEST		[POST] Update employee	1611054622155	1611054663565	OK	 
USER	Update_Employee	END	1611054663566
USER	Update_Employee	END	1611054663566
REQUEST		[POST] Update employee	1611054628055	1611054663579	OK	 
USER	Update_Employee	END	1611054663580
REQUEST		[POST] Update employee	1611054617337	1611054663580	OK	 
REQUEST		[POST] Update employee	1611054656856	1611054663580	OK	 
USER	Update_Employee	END	1611054663581
USER	Update_Employee	END	1611054663581
REQUEST		[POST] Update employee	1611054644335	1611054663583	OK	 
USER	Update_Employee	END	1611054663584
REQUEST		[POST] Update employee	1611054640257	1611054663586	OK	 
USER	Update_Employee	END	1611054663587
REQUEST		[POST] Update employee	1611054649055	1611054663593	OK	 
USER	Update_Employee	END	1611054663594
REQUEST		[POST] Update employee	1611054624955	1611054663598	OK	 
USER	Update_Employee	END	1611054663599
REQUEST		[POST] Update employee	1611054622056	1611054663603	OK	 
USER	Update_Employee	END	1611054663604
REQUEST		[POST] Update employee	1611054638155	1611054663611	OK	 
USER	Update_Employee	END	1611054663612
REQUEST		[POST] Update employee	1611054649255	1611054663612	OK	 
USER	Update_Employee	END	1611054663613
REQUEST		[POST] Update employee	1611054641555	1611054663622	OK	 
USER	Update_Employee	END	1611054663623
REQUEST		[POST] Update employee	1611054658155	1611054663635	OK	 
USER	Update_Employee	END	1611054663636
REQUEST		[POST] Update employee	1611054642155	1611054663646	OK	 
USER	Update_Employee	END	1611054663647
REQUEST		[POST] Update employee	1611054638456	1611054663653	OK	 
REQUEST		[POST] Update employee	1611054642556	1611054663654	OK	 
USER	Update_Employee	END	1611054663654
USER	Update_Employee	END	1611054663654
REQUEST		[POST] Update employee	1611054655755	1611054663654	OK	 
USER	Update_Employee	START	1611054663655
USER	Update_Employee	END	1611054663655
REQUEST		[POST] Update employee	1611054653335	1611054663656	OK	 
USER	Update_Employee	END	1611054663657
REQUEST		[POST] Update employee	1611054637857	1611054663657	OK	 
USER	Update_Employee	END	1611054663658
REQUEST		[POST] Update employee	1611054621957	1611054663663	OK	 
USER	Update_Employee	END	1611054663665
REQUEST		[POST] Update employee	1611054642335	1611054663665	OK	 
USER	Update_Employee	END	1611054663666
REQUEST		[POST] Update employee	1611054652256	1611054663676	OK	 
USER	Update_Employee	END	1611054663678
REQUEST		[POST] Update employee	1611054619257	1611054663682	OK	 
USER	Update_Employee	END	1611054663682
REQUEST		[POST] Update employee	1611054648956	1611054663687	OK	 
USER	Update_Employee	END	1611054663688
REQUEST		[POST] Update employee	1611054615755	1611054663699	OK	 
USER	Update_Employee	END	1611054663700
REQUEST		[POST] Update employee	1611054631955	1611054663703	OK	 
USER	Update_Employee	END	1611054663704
REQUEST		[POST] Update employee	1611054647857	1611054663709	OK	 
USER	Update_Employee	END	1611054663710
REQUEST		[POST] Update employee	1611054649856	1611054663712	OK	 
USER	Update_Employee	END	1611054663713
REQUEST		[POST] Update employee	1611054657557	1611054663716	OK	 
USER	Update_Employee	END	1611054663717
REQUEST		[POST] Update employee	1611054646255	1611054663720	OK	 
USER	Update_Employee	END	1611054663721
REQUEST		[POST] Update employee	1611054630155	1611054663726	OK	 
USER	Update_Employee	END	1611054663727
REQUEST		[POST] Update employee	1611054615856	1611054663730	OK	 
USER	Update_Employee	END	1611054663731
REQUEST		[POST] Update employee	1611054626554	1611054663735	OK	 
USER	Update_Employee	END	1611054663736
REQUEST		[POST] Update employee	1611054647055	1611054663741	OK	 
USER	Update_Employee	END	1611054663742
REQUEST		[POST] Update employee	1611054616155	1611054663743	OK	 
REQUEST		[POST] Update employee	1611054650154	1611054663743	OK	 
USER	Update_Employee	END	1611054663744
USER	Update_Employee	END	1611054663744
REQUEST		[POST] Update employee	1611054633857	1611054663744	OK	 
USER	Update_Employee	END	1611054663745
REQUEST		[POST] Update employee	1611054652955	1611054663751	OK	 
REQUEST		[POST] Update employee	1611054660856	1611054663752	OK	 
USER	Update_Employee	END	1611054663753
USER	Update_Employee	END	1611054663753
REQUEST		[POST] Update employee	1611054638254	1611054663753	OK	 
USER	Update_Employee	START	1611054663755
USER	Update_Employee	END	1611054663756
REQUEST		[POST] Update employee	1611054621755	1611054663768	OK	 
USER	Update_Employee	END	1611054663769
REQUEST		[POST] Update employee	1611054650955	1611054663772	OK	 
USER	Update_Employee	END	1611054663772
REQUEST		[POST] Update employee	1611054613235	1611054663773	OK	 
USER	Update_Employee	END	1611054663774
REQUEST		[POST] Update employee	1611054654255	1611054663787	OK	 
USER	Update_Employee	END	1611054663788
REQUEST		[POST] Update employee	1611054641055	1611054663796	OK	 
USER	Update_Employee	END	1611054663797
REQUEST		[POST] Update employee	1611054636155	1611054663817	OK	 
USER	Update_Employee	END	1611054663818
REQUEST		[POST] Update employee	1611054632255	1611054663825	OK	 
USER	Update_Employee	END	1611054663826
REQUEST		[POST] Update employee	1611054624756	1611054663835	OK	 
USER	Update_Employee	END	1611054663836
REQUEST		[POST] Update employee	1611054611026	1611054663840	OK	 
USER	Update_Employee	END	1611054663841
REQUEST		[POST] Update employee	1611054630256	1611054663851	OK	 
USER	Update_Employee	END	1611054663853
USER	Update_Employee	START	1611054663857
REQUEST		[POST] Update employee	1611054632156	1611054663868	OK	 
USER	Update_Employee	END	1611054663868
REQUEST		[POST] Update employee	1611054615955	1611054663874	OK	 
USER	Update_Employee	END	1611054663876
REQUEST		[POST] Update employee	1611054647455	1611054663876	OK	 
USER	Update_Employee	END	1611054663877
REQUEST		[POST] Update employee	1611054637757	1611054663879	OK	 
USER	Update_Employee	END	1611054663880
REQUEST		[POST] Update employee	1611054629556	1611054663888	OK	 
USER	Update_Employee	END	1611054663889
REQUEST		[POST] Update employee	1611054625257	1611054663890	OK	 
USER	Update_Employee	END	1611054663891
REQUEST		[POST] Update employee	1611054655055	1611054663900	OK	 
USER	Update_Employee	END	1611054663901
REQUEST		[POST] Update employee	1611054624555	1611054663906	OK	 
USER	Update_Employee	END	1611054663907
REQUEST		[POST] Update employee	1611054624455	1611054663912	OK	 
USER	Update_Employee	END	1611054663913
REQUEST		[POST] Update employee	1611054618755	1611054663914	OK	 
USER	Update_Employee	END	1611054663915
REQUEST		[POST] Update employee	1611054657856	1611054663917	OK	 
USER	Update_Employee	END	1611054663918
REQUEST		[POST] Update employee	1611054643455	1611054663918	OK	 
USER	Update_Employee	END	1611054663919
REQUEST		[POST] Update employee	1611054626335	1611054663940	OK	 
REQUEST		[POST] Update employee	1611054646056	1611054663940	OK	 
USER	Update_Employee	END	1611054663941
USER	Update_Employee	END	1611054663941
REQUEST		[POST] Update employee	1611054656955	1611054663944	OK	 
USER	Update_Employee	END	1611054663945
REQUEST		[POST] Update employee	1611054654856	1611054663950	OK	 
USER	Update_Employee	END	1611054663951
REQUEST		[POST] Update employee	1611054646156	1611054663955	OK	 
REQUEST		[POST] Update employee	1611054650856	1611054663955	OK	 
USER	Update_Employee	END	1611054663956
USER	Update_Employee	END	1611054663956
USER	Update_Employee	START	1611054663957
REQUEST		[POST] Update employee	1611054657956	1611054663957	OK	 
USER	Update_Employee	END	1611054663957
REQUEST		[POST] Update employee	1611054616255	1611054663960	OK	 
REQUEST		[POST] Update employee	1611054638055	1611054663961	OK	 
USER	Update_Employee	END	1611054663961
USER	Update_Employee	END	1611054663962
REQUEST		[POST] Update employee	1611054637154	1611054663965	OK	 
USER	Update_Employee	END	1611054663966
REQUEST		[POST] Update employee	1611054628255	1611054663966	OK	 
USER	Update_Employee	END	1611054663966
REQUEST		[POST] Update employee	1611054635955	1611054663968	OK	 
USER	Update_Employee	END	1611054663969
REQUEST		[POST] Update employee	1611054648256	1611054663970	OK	 
USER	Update_Employee	END	1611054663971
REQUEST		[POST] Update employee	1611054630055	1611054663973	OK	 
REQUEST		[POST] Update employee	1611054655955	1611054663973	OK	 
USER	Update_Employee	END	1611054663974
USER	Update_Employee	END	1611054663974
REQUEST		[POST] Update employee	1611054652656	1611054663974	OK	 
USER	Update_Employee	END	1611054663975
REQUEST		[POST] Update employee	1611054653155	1611054663975	OK	 
USER	Update_Employee	END	1611054663976
REQUEST		[POST] Update employee	1611054627455	1611054663978	OK	 
USER	Update_Employee	END	1611054663979
REQUEST		[POST] Update employee	1611054635335	1611054663981	OK	 
USER	Update_Employee	END	1611054663981
REQUEST		[POST] Update employee	1611054648554	1611054663984	OK	 
USER	Update_Employee	END	1611054663984
REQUEST		[POST] Update employee	1611054612855	1611054663985	OK	 
USER	Update_Employee	END	1611054663986
REQUEST		[POST] Update employee	1611054652054	1611054663996	OK	 
USER	Update_Employee	END	1611054663996
REQUEST		[POST] Update employee	1611054651256	1611054663998	OK	 
REQUEST		[POST] Update employee	1611054645755	1611054663998	OK	 
USER	Update_Employee	END	1611054663999
USER	Update_Employee	END	1611054663999
REQUEST		[POST] Update employee	1611054656255	1611054664005	OK	 
USER	Update_Employee	END	1611054664006
REQUEST		[POST] Update employee	1611054644455	1611054664007	OK	 
USER	Update_Employee	END	1611054664007
REQUEST		[POST] Update employee	1611054621856	1611054664008	OK	 
USER	Update_Employee	END	1611054664008
REQUEST		[POST] Update employee	1611054615555	1611054664021	OK	 
USER	Update_Employee	END	1611054664022
REQUEST		[POST] Update employee	1611054624855	1611054664024	OK	 
USER	Update_Employee	END	1611054664025
REQUEST		[POST] Update employee	1611054640055	1611054664025	OK	 
USER	Update_Employee	END	1611054664026
REQUEST		[POST] Update employee	1611054654055	1611054664032	OK	 
USER	Update_Employee	END	1611054664033
REQUEST		[POST] Update employee	1611054636055	1611054664037	OK	 
USER	Update_Employee	END	1611054664038
REQUEST		[POST] Update employee	1611054627957	1611054664045	OK	 
USER	Update_Employee	END	1611054664046
REQUEST		[POST] Update employee	1611054641955	1611054664049	OK	 
USER	Update_Employee	END	1611054664050
USER	Update_Employee	START	1611054664055
REQUEST		[POST] Update employee	1611054661259	1611054664066	OK	 
REQUEST		[POST] Update employee	1611054649655	1611054664067	OK	 
USER	Update_Employee	END	1611054664067
USER	Update_Employee	END	1611054664067
REQUEST		[POST] Update employee	1611054639957	1611054664074	OK	 
USER	Update_Employee	END	1611054664075
USER	Update_Employee	START	1611054664155
REQUEST		[POST] Update employee	1611054635256	1611054664169	OK	 
USER	Update_Employee	END	1611054664170
REQUEST		[POST] Update employee	1611054643855	1611054664176	OK	 
USER	Update_Employee	END	1611054664177
REQUEST		[POST] Update employee	1611054627756	1611054664180	OK	 
REQUEST		[POST] Update employee	1611054660755	1611054664180	OK	 
USER	Update_Employee	END	1611054664181
USER	Update_Employee	END	1611054664181
REQUEST		[POST] Update employee	1611054629655	1611054664184	OK	 
USER	Update_Employee	END	1611054664185
REQUEST		[POST] Update employee	1611054624656	1611054664195	OK	 
USER	Update_Employee	END	1611054664196
REQUEST		[POST] Update employee	1611054636255	1611054664202	OK	 
USER	Update_Employee	END	1611054664202
REQUEST		[POST] Update employee	1611054652857	1611054664209	OK	 
USER	Update_Employee	END	1611054664209
REQUEST		[POST] Update employee	1611054633755	1611054664224	OK	 
USER	Update_Employee	END	1611054664225
REQUEST		[POST] Update employee	1611054656335	1611054664226	OK	 
USER	Update_Employee	END	1611054664227
REQUEST		[POST] Update employee	1611054641756	1611054664238	OK	 
USER	Update_Employee	END	1611054664239
REQUEST		[POST] Update employee	1611054643957	1611054664241	OK	 
USER	Update_Employee	END	1611054664241
REQUEST		[POST] Update employee	1611054631855	1611054664252	OK	 
USER	Update_Employee	END	1611054664253
REQUEST		[POST] Update employee	1611054658337	1611054664253	OK	 
REQUEST		[POST] Update employee	1611054650055	1611054664253	OK	 
USER	Update_Employee	END	1611054664254
USER	Update_Employee	END	1611054664254
REQUEST		[POST] Update employee	1611054657157	1611054664255	OK	 
USER	Update_Employee	START	1611054664255
USER	Update_Employee	END	1611054664256
REQUEST		[POST] Update employee	1611054651660	1611054664262	OK	 
USER	Update_Employee	END	1611054664263
REQUEST		[POST] Update employee	1611054655156	1611054664268	OK	 
USER	Update_Employee	END	1611054664268
REQUEST		[POST] Update employee	1611054644056	1611054664270	OK	 
USER	Update_Employee	END	1611054664271
REQUEST		[POST] Update employee	1611054648155	1611054664279	OK	 
USER	Update_Employee	END	1611054664279
REQUEST		[POST] Update employee	1611054635857	1611054664280	OK	 
USER	Update_Employee	END	1611054664280
REQUEST		[POST] Update employee	1611054634256	1611054664286	OK	 
USER	Update_Employee	END	1611054664287
REQUEST		[POST] Update employee	1611054618956	1611054664297	OK	 
REQUEST		[POST] Update employee	1611054616056	1611054664297	OK	 
USER	Update_Employee	END	1611054664298
USER	Update_Employee	END	1611054664298
REQUEST		[POST] Update employee	1611054658255	1611054664301	OK	 
USER	Update_Employee	END	1611054664302
REQUEST		[POST] Update employee	1611054625055	1611054664302	OK	 
USER	Update_Employee	END	1611054664303
REQUEST		[POST] Update employee	1611054648655	1611054664314	OK	 
USER	Update_Employee	END	1611054664314
REQUEST		[POST] Update employee	1611054653955	1611054664317	OK	 
USER	Update_Employee	END	1611054664317
REQUEST		[POST] Update employee	1611054619056	1611054664319	OK	 
USER	Update_Employee	END	1611054664319
REQUEST		[POST] Update employee	1611054625155	1611054664332	OK	 
USER	Update_Employee	END	1611054664333
REQUEST		[POST] Update employee	1611054648756	1611054664344	OK	 
USER	Update_Employee	END	1611054664345
REQUEST		[POST] Update employee	1611054651055	1611054664348	OK	 
USER	Update_Employee	END	1611054664348
USER	Update_Employee	START	1611054664355
REQUEST		[POST] Update employee	1611054612985	1611054664357	OK	 
USER	Update_Employee	END	1611054664358
REQUEST		[POST] Update employee	1611054654155	1611054664359	OK	 
USER	Update_Employee	END	1611054664359
REQUEST		[POST] Update employee	1611054644155	1611054664360	OK	 
USER	Update_Employee	END	1611054664360
REQUEST		[POST] Update employee	1611054642055	1611054664366	OK	 
REQUEST		[POST] Update employee	1611054633956	1611054664366	OK	 
USER	Update_Employee	END	1611054664366
USER	Update_Employee	END	1611054664366
REQUEST		[POST] Update employee	1611054629955	1611054664388	OK	 
USER	Update_Employee	END	1611054664388
REQUEST		[POST] Update employee	1611054632055	1611054664390	OK	 
USER	Update_Employee	END	1611054664391
REQUEST		[POST] Update employee	1611054643555	1611054664407	OK	 
USER	Update_Employee	END	1611054664408
REQUEST		[POST] Update employee	1611054651557	1611054664416	OK	 
USER	Update_Employee	END	1611054664417
REQUEST		[POST] Update employee	1611054655255	1611054664432	OK	 
USER	Update_Employee	END	1611054664433
REQUEST		[POST] Update employee	1611054650335	1611054664449	OK	 
USER	Update_Employee	END	1611054664450
REQUEST		[POST] Update employee	1611054619155	1611054664452	OK	 
USER	Update_Employee	END	1611054664453
USER	Update_Employee	START	1611054664455
REQUEST		[POST] Update employee	1611054657655	1611054664469	OK	 
USER	Update_Employee	END	1611054664470
REQUEST		[POST] Update employee	1611054657256	1611054664472	OK	 
USER	Update_Employee	END	1611054664473
REQUEST		[POST] Update employee	1611054640156	1611054664481	OK	 
USER	Update_Employee	END	1611054664482
REQUEST		[POST] Update employee	1611054649156	1611054664495	OK	 
USER	Update_Employee	END	1611054664496
REQUEST		[POST] Update employee	1611054614556	1611054664500	OK	 
USER	Update_Employee	END	1611054664501
REQUEST		[POST] Update employee	1611054647656	1611054664521	OK	 
USER	Update_Employee	END	1611054664521
REQUEST		[POST] Update employee	1611054643336	1611054664530	OK	 
USER	Update_Employee	END	1611054664531
REQUEST		[POST] Update employee	1611054645856	1611054664533	OK	 
USER	Update_Employee	END	1611054664534
USER	Update_Employee	START	1611054664555
REQUEST		[POST] Update employee	1611054650756	1611054664589	OK	 
USER	Update_Employee	END	1611054664590
REQUEST		[POST] Update employee	1611054657756	1611054664610	OK	 
USER	Update_Employee	END	1611054664611
REQUEST		[POST] Update employee	1611054652755	1611054664612	OK	 
USER	Update_Employee	END	1611054664612
REQUEST		[POST] Update employee	1611054642257	1611054664621	OK	 
USER	Update_Employee	END	1611054664622
REQUEST		[POST] Update employee	1611054622256	1611054664622	OK	 
USER	Update_Employee	END	1611054664622
REQUEST		[POST] Update employee	1611054628156	1611054664623	OK	 
REQUEST		[POST] Update employee	1611054654655	1611054664623	OK	 
USER	Update_Employee	END	1611054664623
USER	Update_Employee	END	1611054664623
REQUEST		[POST] Update employee	1611054645955	1611054664631	OK	 
USER	Update_Employee	END	1611054664631
REQUEST		[POST] Update employee	1611054635755	1611054664638	OK	 
USER	Update_Employee	END	1611054664639
REQUEST		[POST] Update employee	1611054655856	1611054664641	OK	 
USER	Update_Employee	END	1611054664641
REQUEST		[POST] Update employee	1611054650555	1611054664652	OK	 
USER	Update_Employee	END	1611054664654
USER	Update_Employee	START	1611054664656
REQUEST		[POST] Update employee	1611054650655	1611054664658	OK	 
USER	Update_Employee	END	1611054664659
REQUEST		[POST] Update employee	1611054654955	1611054664662	OK	 
USER	Update_Employee	END	1611054664662
REQUEST		[POST] Update employee	1611054655335	1611054664677	OK	 
USER	Update_Employee	END	1611054664678
REQUEST		[POST] Update employee	1611054651956	1611054664699	OK	 
USER	Update_Employee	END	1611054664700
REQUEST		[POST] Update employee	1611054647754	1611054664708	OK	 
USER	Update_Employee	END	1611054664709
USER	Update_Employee	START	1611054664755
REQUEST		[POST] Update employee	1611054652456	1611054664794	OK	 
USER	Update_Employee	END	1611054664795
REQUEST		[POST] Update employee	1611054623755	1611054664821	OK	 
USER	Update_Employee	END	1611054664822
REQUEST		[POST] Update employee	1611054654335	1611054664829	OK	 
USER	Update_Employee	END	1611054664829
REQUEST		[POST] Update employee	1611054648858	1611054664831	OK	 
USER	Update_Employee	END	1611054664831
REQUEST		[POST] Update employee	1611054617055	1611054664846	OK	 
USER	Update_Employee	END	1611054664847
REQUEST		[POST] Update employee	1611054613914	1611054664850	OK	 
REQUEST		[POST] Update employee	1611054651756	1611054664850	OK	 
USER	Update_Employee	END	1611054664851
USER	Update_Employee	END	1611054664851
USER	Update_Employee	START	1611054664854
REQUEST		[POST] Update employee	1611054615155	1611054664857	OK	 
USER	Update_Employee	END	1611054664858
REQUEST		[POST] Update employee	1611054627155	1611054664859	OK	 
USER	Update_Employee	END	1611054664860
REQUEST		[POST] Update employee	1611054644555	1611054664864	OK	 
USER	Update_Employee	END	1611054664864
REQUEST		[POST] Update employee	1611054659956	1611054664869	OK	 
USER	Update_Employee	END	1611054664870
REQUEST		[POST] Update employee	1611054629755	1611054664881	OK	 
USER	Update_Employee	END	1611054664882
REQUEST		[POST] Update employee	1611054654555	1611054664885	OK	 
USER	Update_Employee	END	1611054664886
REQUEST		[POST] Update employee	1611054629455	1611054664916	OK	 
USER	Update_Employee	END	1611054664917
REQUEST		[POST] Update employee	1611054626155	1611054664918	OK	 
USER	Update_Employee	END	1611054664919
REQUEST		[POST] Update employee	1611054628555	1611054664924	OK	 
USER	Update_Employee	END	1611054664925
REQUEST		[POST] Update employee	1611054641255	1611054664926	OK	 
USER	Update_Employee	END	1611054664927
REQUEST		[POST] Update employee	1611054621056	1611054664928	OK	 
USER	Update_Employee	END	1611054664929
REQUEST		[POST] Update employee	1611054624255	1611054664933	OK	 
USER	Update_Employee	END	1611054664934
REQUEST		[POST] Update employee	1611054646856	1611054664935	OK	 
USER	Update_Employee	END	1611054664936
REQUEST		[POST] Update employee	1611054622656	1611054664942	OK	 
USER	Update_Employee	END	1611054664943
REQUEST		[POST] Update employee	1611054641456	1611054664943	OK	 
USER	Update_Employee	END	1611054664944
USER	Update_Employee	START	1611054664955
REQUEST		[POST] Update employee	1611054648457	1611054665000	OK	 
USER	Update_Employee	END	1611054665000
REQUEST		[POST] Update employee	1611054627555	1611054665002	OK	 
USER	Update_Employee	END	1611054665003
REQUEST		[POST] Update employee	1611054630755	1611054665012	OK	 
USER	Update_Employee	END	1611054665012
REQUEST		[POST] Update employee	1611054611645	1611054665017	OK	 
USER	Update_Employee	END	1611054665018
REQUEST		[POST] Update employee	1611054622556	1611054665020	OK	 
USER	Update_Employee	END	1611054665020
REQUEST		[POST] Update employee	1611054656156	1611054665029	OK	 
USER	Update_Employee	END	1611054665029
REQUEST		[POST] Update employee	1611054658856	1611054665041	OK	 
USER	Update_Employee	END	1611054665042
REQUEST		[POST] Update employee	1611054629157	1611054665056	OK	 
USER	Update_Employee	END	1611054665057
USER	Update_Employee	START	1611054665059
REQUEST		[POST] Update employee	1611054611936	1611054665067	OK	 
USER	Update_Employee	END	1611054665067
REQUEST		[POST] Update employee	1611054638555	1611054665081	OK	 
USER	Update_Employee	END	1611054665082
REQUEST		[POST] Update employee	1611054612736	1611054665088	OK	 
USER	Update_Employee	END	1611054665088
REQUEST		[POST] Update employee	1611054658455	1611054665093	OK	 
USER	Update_Employee	END	1611054665094
REQUEST		[POST] Update employee	1611054630336	1611054665116	OK	 
USER	Update_Employee	END	1611054665117
REQUEST		[POST] Update employee	1611054643155	1611054665123	OK	 
USER	Update_Employee	END	1611054665124
REQUEST		[POST] Update employee	1611054660456	1611054665143	OK	 
USER	Update_Employee	END	1611054665144
REQUEST		[POST] Update employee	1611054656456	1611054665147	OK	 
REQUEST		[POST] Update employee	1611054661055	1611054665148	OK	 
USER	Update_Employee	END	1611054665148
USER	Update_Employee	END	1611054665149
REQUEST		[POST] Update employee	1611054626055	1611054665150	OK	 
USER	Update_Employee	END	1611054665151
USER	Update_Employee	START	1611054665154
REQUEST		[POST] Update employee	1611054632955	1611054665153	OK	 
USER	Update_Employee	END	1611054665157
REQUEST		[POST] Update employee	1611054634655	1611054665157	OK	 
USER	Update_Employee	END	1611054665159
REQUEST		[POST] Update employee	1611054615456	1611054665163	OK	 
USER	Update_Employee	END	1611054665164
REQUEST		[POST] Update employee	1611054625957	1611054665170	OK	 
USER	Update_Employee	END	1611054665171
REQUEST		[POST] Update employee	1611054630655	1611054665182	OK	 
USER	Update_Employee	END	1611054665183
REQUEST		[POST] Update employee	1611054626955	1611054665185	OK	 
USER	Update_Employee	END	1611054665186
REQUEST		[POST] Update employee	1611054620255	1611054665234	OK	 
USER	Update_Employee	END	1611054665235
REQUEST		[POST] Update employee	1611054615655	1611054665238	OK	 
USER	Update_Employee	END	1611054665239
REQUEST		[POST] Update employee	1611054633258	1611054665239	OK	 
USER	Update_Employee	END	1611054665240
REQUEST		[POST] Update employee	1611054631655	1611054665243	OK	 
USER	Update_Employee	END	1611054665244
USER	Update_Employee	START	1611054665257
REQUEST		[POST] Update employee	1611054655555	1611054665257	OK	 
USER	Update_Employee	END	1611054665258
REQUEST		[POST] Update employee	1611054642455	1611054665262	OK	 
USER	Update_Employee	END	1611054665262
REQUEST		[POST] Update employee	1611054658755	1611054665269	OK	 
USER	Update_Employee	END	1611054665269
REQUEST		[POST] Update employee	1611054660055	1611054665275	OK	 
USER	Update_Employee	END	1611054665276
REQUEST		[POST] Update employee	1611054605402	1611054665276	KO	j.i.IOException: Premature close
USER	Update_Employee	END	1611054665279
REQUEST		[POST] Update employee	1611054626455	1611054665294	OK	 
USER	Update_Employee	END	1611054665295
REQUEST		[POST] Update employee	1611054617456	1611054665304	OK	 
USER	Update_Employee	END	1611054665305
REQUEST		[POST] Update employee	1611054632755	1611054665306	OK	 
USER	Update_Employee	END	1611054665307
REQUEST		[POST] Update employee	1611054660335	1611054665318	OK	 
USER	Update_Employee	END	1611054665318
REQUEST		[POST] Update employee	1611054620338	1611054665323	OK	 
USER	Update_Employee	END	1611054665323
REQUEST		[POST] Update employee	1611054608856	1611054665331	OK	 
REQUEST		[POST] Update employee	1611054647557	1611054665331	OK	 
USER	Update_Employee	END	1611054665332
USER	Update_Employee	END	1611054665332
REQUEST		[POST] Update employee	1611054647336	1611054665333	OK	 
USER	Update_Employee	END	1611054665334
