ASSERTION	AAECAAIEAAAAAAAAwFhA
ASSERTION	AAMAARVnZXRfYWxsX3ByaWNlc19zaW5nbGUDAAEFAAAAAAAAwFhAAwAAAAAAAHCXQA==
ASSERTION	AAMAARVnZXRfYWxsX3ByaWNlc19zaW5nbGUDAAEFAAAAAAAAwFdAAwAAAAAAADCRQA==
ASSERTION	AAMAARVnZXRfYWxsX3ByaWNlc19zaW5nbGUDAAEFAAAAAAAAwFJAAwAAAAAAADiIQA==
ASSERTION	AAMAARVnZXRfYWxsX3ByaWNlc19zaW5nbGUDAAEFAAAAAAAAAElAAwAAAAAAAPiBQA==
ASSERTION	AAMAARRnZXRfYWxsX3ByaWNlc19tdWx0aQMAAQUAAAAAAADAWEADAAAAAAAAiKNA
ASSERTION	AAMAARRnZXRfYWxsX3ByaWNlc19tdWx0aQMAAQUAAAAAAADAV0ADAAAAAAAAiJNA
ASSERTION	AAMAARRnZXRfYWxsX3ByaWNlc19tdWx0aQMAAQUAAAAAAADAUkADAAAAAAAAcIdA
ASSERTION	AAMAARRnZXRfYWxsX3ByaWNlc19tdWx0aQMAAQUAAAAAAAAASUADAAAAAAAAQH9A
RUN	simulations.UpdateEmployeeSimulation	updateemployeesimulation	1611046394850	 	3.5.0
USER	Random switching between requests	START	1611046395969
USER	Random switching between requests	START	1611046396958
USER	Random switching between requests	START	1611046397959
USER	Random switching between requests	START	1611046398952
USER	Random switching between requests	START	1611046399957
USER	Random switching between requests	START	1611046400456
USER	Random switching between requests	START	1611046400954
USER	Random switching between requests	START	1611046401955
USER	Random switching between requests	START	1611046402455
USER	Random switching between requests	START	1611046402952
USER	Random switching between requests	START	1611046403454
USER	Random switching between requests	START	1611046403954
USER	Random switching between requests	START	1611046404454
USER	Random switching between requests	START	1611046404954
USER	Random switching between requests	START	1611046405455
USER	Random switching between requests	START	1611046405952
USER	Random switching between requests	START	1611046406452
USER	Random switching between requests	START	1611046406956
USER	Random switching between requests	START	1611046407453
USER	Random switching between requests	START	1611046407953
USER	Random switching between requests	START	1611046408455
USER	Random switching between requests	START	1611046408954
USER	Random switching between requests	START	1611046409454
USER	Random switching between requests	START	1611046409955
USER	Random switching between requests	START	1611046410455
USER	Random switching between requests	START	1611046410955
USER	Random switching between requests	START	1611046411452
USER	Random switching between requests	START	1611046411955
USER	Random switching between requests	START	1611046412454
USER	Random switching between requests	START	1611046412953
USER	Random switching between requests	START	1611046413452
USER	Random switching between requests	START	1611046413954
USER	Random switching between requests	START	1611046414454
USER	Random switching between requests	START	1611046414956
USER	Random switching between requests	START	1611046415453
REQUEST		[POST] Update employee	1611046407954	1611046430630	OK	 
USER	Random switching between requests	END	1611046430646
REQUEST		[POST] Update employee	1611046411956	1611046430707	OK	 
REQUEST		[POST] Update employee	1611046413955	1611046430708	OK	 
USER	Random switching between requests	END	1611046430708
USER	Random switching between requests	END	1611046430709
REQUEST		[POST] Update employee	1611046399957	1611046430709	OK	 
REQUEST		[POST] Update employee	1611046405456	1611046430709	OK	 
REQUEST		[POST] Update employee	1611046415454	1611046430709	OK	 
REQUEST		[POST] Update employee	1611046405953	1611046430710	OK	 
REQUEST		[POST] Update employee	1611046396000	1611046430710	OK	 
USER	Random switching between requests	END	1611046430710
USER	Random switching between requests	END	1611046430710
USER	Random switching between requests	END	1611046430710
USER	Random switching between requests	END	1611046430711
USER	Random switching between requests	END	1611046430711
REQUEST		[POST] Update employee	1611046409956	1611046430711	OK	 
REQUEST		[POST] Update employee	1611046403955	1611046430711	OK	 
USER	Random switching between requests	END	1611046430713
USER	Random switching between requests	END	1611046430713
REQUEST		[POST] Update employee	1611046407453	1611046430713	OK	 
REQUEST		[POST] Update employee	1611046409454	1611046430713	OK	 
USER	Random switching between requests	END	1611046430714
USER	Random switching between requests	END	1611046430714
REQUEST		[POST] Update employee	1611046396959	1611046430715	OK	 
REQUEST		[POST] Update employee	1611046398953	1611046430715	OK	 
USER	Random switching between requests	END	1611046430716
USER	Random switching between requests	END	1611046430716
REQUEST		[POST] Update employee	1611046401956	1611046430716	OK	 
USER	Random switching between requests	END	1611046430718
REQUEST		[POST] Update employee	1611046411452	1611046430718	OK	 
USER	Random switching between requests	END	1611046430719
REQUEST		[POST] Update employee	1611046414455	1611046430795	OK	 
REQUEST		[POST] Update employee	1611046402456	1611046430796	OK	 
USER	Random switching between requests	END	1611046430797
USER	Random switching between requests	END	1611046430798
REQUEST		[POST] Update employee	1611046404455	1611046430842	OK	 
USER	Random switching between requests	END	1611046430844
REQUEST		[POST] Update employee	1611046400457	1611046430863	OK	 
USER	Random switching between requests	END	1611046430864
REQUEST		[POST] Update employee	1611046412455	1611046430865	OK	 
USER	Random switching between requests	END	1611046430866
REQUEST		[POST] Update employee	1611046410456	1611046430875	OK	 
USER	Random switching between requests	END	1611046430876
REQUEST		[POST] Update employee	1611046406453	1611046430880	OK	 
USER	Random switching between requests	END	1611046430881
REQUEST		[POST] Update employee	1611046408457	1611046430904	OK	 
USER	Random switching between requests	END	1611046430906
REQUEST		[POST] Update employee	1611046410956	1611046431243	OK	 
USER	Random switching between requests	END	1611046431244
REQUEST		[POST] Update employee	1611046406957	1611046431245	OK	 
USER	Random switching between requests	END	1611046431246
REQUEST		[POST] Update employee	1611046408955	1611046431269	OK	 
USER	Random switching between requests	END	1611046431270
REQUEST		[POST] Update employee	1611046404955	1611046431270	OK	 
USER	Random switching between requests	END	1611046431271
REQUEST		[POST] Update employee	1611046412954	1611046431279	OK	 
REQUEST		[POST] Update employee	1611046402953	1611046431279	OK	 
USER	Random switching between requests	END	1611046431280
USER	Random switching between requests	END	1611046431280
REQUEST		[POST] Update employee	1611046400954	1611046431349	OK	 
USER	Random switching between requests	END	1611046431350
REQUEST		[POST] Update employee	1611046414957	1611046431360	OK	 
USER	Random switching between requests	END	1611046431361
REQUEST		[POST] Update employee	1611046397960	1611046431364	OK	 
USER	Random switching between requests	END	1611046431365
REQUEST		[POST] Update employee	1611046413453	1611046431737	OK	 
USER	Random switching between requests	END	1611046431737
REQUEST		[POST] Update employee	1611046403455	1611046431743	OK	 
USER	Random switching between requests	END	1611046431744
